[   112.541] _XSERVTransSocketUNIXCreateListener: ...SocketCreateListener() failed
[   112.542] _XSERVTransMakeAllCOTSServerListeners: server already running
[   112.543] (--) Log file renamed from "/home/intruder/.local/share/xorg/Xorg.pid-1176.log" to "/home/intruder/.local/share/xorg/Xorg.1.log"
[   112.544] 
X.Org X Server 1.20.10
X Protocol Version 11, Revision 0
[   112.544] Build Operating System: Linux 4.19.0-13-amd64 i686 Debian
[   112.544] Current Operating System: Linux kali 5.10.0-kali3-686-pae #1 SMP Debian 5.10.13-1kali1 (2021-02-08) i686
[   112.544] Kernel command line: BOOT_IMAGE=/boot/vmlinuz-5.10.0-kali3-686-pae root=UUID=00e03f22-b314-4b1e-a3d4-4e760afc6b6c ro quiet splash
[   112.547] Build Date: 06 January 2021  09:33:33AM
[   112.547] xorg-server 2:1.20.10-2 (https://www.debian.org/support) 
[   112.548] Current version of pixman: 0.40.0
[   112.548] 	Before reporting problems, check http://wiki.x.org
	to make sure that you have the latest version.
[   112.548] Markers: (--) probed, (**) from config file, (==) default setting,
	(++) from command line, (!!) notice, (II) informational,
	(WW) warning, (EE) error, (NI) not implemented, (??) unknown.
[   112.549] (==) Log file: "/home/intruder/.local/share/xorg/Xorg.1.log", Time: Thu Jul  1 19:47:24 2032
[   112.549] (==) Using system config directory "/usr/share/X11/xorg.conf.d"
[   112.549] (==) No Layout section.  Using the first Screen section.
[   112.549] (==) No screen section available. Using defaults.
[   112.549] (**) |-->Screen "Default Screen Section" (0)
[   112.549] (**) |   |-->Monitor "<default monitor>"
[   112.550] (==) No monitor specified for screen "Default Screen Section".
	Using a default monitor configuration.
[   112.550] (==) Automatically adding devices
[   112.550] (==) Automatically enabling devices
[   112.550] (==) Automatically adding GPU devices
[   112.550] (==) Max clients allowed: 256, resource mask: 0x1fffff
[   112.550] (WW) The directory "/usr/share/fonts/X11/cyrillic" does not exist.
[   112.550] 	Entry deleted from font path.
[   112.550] (==) FontPath set to:
	/usr/share/fonts/X11/misc,
	/usr/share/fonts/X11/100dpi/:unscaled,
	/usr/share/fonts/X11/75dpi/:unscaled,
	/usr/share/fonts/X11/Type1,
	/usr/share/fonts/X11/100dpi,
	/usr/share/fonts/X11/75dpi,
	built-ins
[   112.550] (==) ModulePath set to "/usr/lib/xorg/modules"
[   112.550] (II) The server relies on udev to provide the list of input devices.
	If no devices become available, reconfigure udev or disable AutoAddDevices.
[   112.550] (II) Loader magic: 0x701740
[   112.550] (II) Module ABI versions:
[   112.550] 	X.Org ANSI C Emulation: 0.4
[   112.550] 	X.Org Video Driver: 24.1
[   112.550] 	X.Org XInput driver : 24.1
[   112.550] 	X.Org Server Extension : 10.0
[   112.556] (++) using VT number 2

[   112.562] (II) systemd-logind: took control of session /org/freedesktop/login1/session/_32
[   112.566] (II) xfree86: Adding drm device (/dev/dri/card0)
[   112.568] (II) systemd-logind: got fd for /dev/dri/card0 226:0 fd 13 paused 0
[   112.605] (--) PCI:*(0@0:15:0) 15ad:0405:15ad:0405 rev 0, Mem @ 0xe8000000/134217728, 0xfe000000/8388608, I/O @ 0x00001070/16, BIOS @ 0x????????/131072
[   112.605] (II) LoadModule: "glx"
[   112.606] (II) Loading /usr/lib/xorg/modules/extensions/libglx.so
[   112.607] (II) Module glx: vendor="X.Org Foundation"
[   112.608] 	compiled for 1.20.10, module version = 1.0.0
[   112.608] 	ABI class: X.Org Server Extension, version 10.0
[   112.608] (==) Matched vmware as autoconfigured driver 0
[   112.608] (==) Matched modesetting as autoconfigured driver 1
[   112.608] (==) Matched fbdev as autoconfigured driver 2
[   112.609] (==) Matched vesa as autoconfigured driver 3
[   112.609] (==) Assigned the driver to the xf86ConfigLayout
[   112.609] (II) LoadModule: "vmware"
[   112.609] (II) Loading /usr/lib/xorg/modules/drivers/vmware_drv.so
[   112.780] (II) Module vmware: vendor="X.Org Foundation"
[   112.780] 	compiled for 1.20.8, module version = 13.3.0
[   112.781] 	Module class: X.Org Video Driver
[   112.781] 	ABI class: X.Org Video Driver, version 24.1
[   112.781] (II) LoadModule: "modesetting"
[   112.782] (II) Loading /usr/lib/xorg/modules/drivers/modesetting_drv.so
[   112.783] (II) Module modesetting: vendor="X.Org Foundation"
[   112.783] 	compiled for 1.20.10, module version = 1.20.10
[   112.783] 	Module class: X.Org Video Driver
[   112.783] 	ABI class: X.Org Video Driver, version 24.1
[   112.783] (II) LoadModule: "fbdev"
[   112.785] (II) Loading /usr/lib/xorg/modules/drivers/fbdev_drv.so
[   112.786] (II) Module fbdev: vendor="X.Org Foundation"
[   112.786] 	compiled for 1.20.0, module version = 0.5.0
[   112.786] 	Module class: X.Org Video Driver
[   112.786] 	ABI class: X.Org Video Driver, version 24.0
[   112.786] (II) LoadModule: "vesa"
[   112.787] (II) Loading /usr/lib/xorg/modules/drivers/vesa_drv.so
[   112.788] (II) Module vesa: vendor="X.Org Foundation"
[   112.788] 	compiled for 1.20.9, module version = 2.5.0
[   112.789] 	Module class: X.Org Video Driver
[   112.789] 	ABI class: X.Org Video Driver, version 24.1
[   112.789] (II) vmware: driver for VMware SVGA: vmware0405, vmware0710
[   112.790] (II) modesetting: Driver for Modesetting Kernel Drivers: kms
[   112.790] (II) FBDEV: driver for framebuffer: fbdev
[   112.790] (II) VESA: driver for VESA chipsets: vesa
[   112.791] xf86EnableIOPorts: failed to set IOPL for I/O (Operation not permitted)
[   112.791] (WW) Falling back to old probe method for modesetting
[   112.792] (WW) Falling back to old probe method for fbdev
[   112.792] (II) Loading sub module "fbdevhw"
[   112.792] (II) LoadModule: "fbdevhw"
[   112.794] (II) Loading /usr/lib/xorg/modules/libfbdevhw.so
[   112.794] (II) Module fbdevhw: vendor="X.Org Foundation"
[   112.795] 	compiled for 1.20.10, module version = 0.0.2
[   112.795] 	ABI class: X.Org Video Driver, version 24.1
[   112.795] (WW) VGA arbiter: cannot open kernel arbiter, no multi-card support
[   112.796] (II) vmware(0): Creating default Display subsection in Screen section
	"Default Screen Section" for depth/fbbpp 24/32
[   112.796] (--) vmware(0): DRM driver version is 2.18.0
[   112.796] (==) vmware(0): Depth 24, (--) framebuffer bpp 32
[   112.796] (==) vmware(0): RGB weight 888
[   112.797] (==) vmware(0): Default visual is TrueColor
[   112.797] (--) vmware(0): Min width 1, Max Width 8192.
[   112.797] (--) vmware(0): Min height 1, Max Height 8192.
[   112.798] (II) vmware(0): Output Virtual1 has no monitor section
[   112.799] (II) vmware(0): Output Virtual2 has no monitor section
[   112.799] (II) vmware(0): Output Virtual3 has no monitor section
[   112.799] (II) vmware(0): Output Virtual4 has no monitor section
[   112.799] (II) vmware(0): Output Virtual5 has no monitor section
[   112.800] (II) vmware(0): Output Virtual6 has no monitor section
[   112.800] (II) vmware(0): Output Virtual7 has no monitor section
[   112.800] (II) vmware(0): Output Virtual8 has no monitor section
[   112.801] (II) vmware(0): Printing probed modes for output Virtual1
[   112.801] (II) vmware(0): Modeline "1600x900"x60.0  110.25  1600 1650 1700 1750  900 950 1000 1050 -hsync +vsync (63.0 kHz eP)
[   112.802] (II) vmware(0): Modeline "2560x1600"x60.0  348.50  2560 2752 3032 3504  1600 1603 1609 1658 -hsync +vsync (99.5 kHz e)
[   112.803] (II) vmware(0): Modeline "1920x1440"x60.0  234.00  1920 2048 2256 2600  1440 1441 1444 1500 -hsync +vsync (90.0 kHz e)
[   112.813] (II) vmware(0): Modeline "1856x1392"x60.0  218.25  1856 1952 2176 2528  1392 1393 1396 1439 -hsync +vsync (86.3 kHz e)
[   112.814] (II) vmware(0): Modeline "1792x1344"x60.0  204.75  1792 1920 2120 2448  1344 1345 1348 1394 -hsync +vsync (83.6 kHz e)
[   112.814] (II) vmware(0): Modeline "1920x1200"x59.9  193.25  1920 2056 2256 2592  1200 1203 1209 1245 -hsync +vsync (74.6 kHz e)
[   112.814] (II) vmware(0): Modeline "1600x1200"x60.0  162.00  1600 1664 1856 2160  1200 1201 1204 1250 +hsync +vsync (75.0 kHz e)
[   112.814] (II) vmware(0): Modeline "1680x1050"x60.0  146.25  1680 1784 1960 2240  1050 1053 1059 1089 -hsync +vsync (65.3 kHz e)
[   112.814] (II) vmware(0): Modeline "1400x1050"x60.0  121.75  1400 1488 1632 1864  1050 1053 1057 1089 -hsync +vsync (65.3 kHz e)
[   112.814] (II) vmware(0): Modeline "1280x1024"x60.0  108.00  1280 1328 1440 1688  1024 1025 1028 1066 +hsync +vsync (64.0 kHz e)
[   112.814] (II) vmware(0): Modeline "1440x900"x59.9  106.50  1440 1520 1672 1904  900 903 909 934 -hsync +vsync (55.9 kHz e)
[   112.814] (II) vmware(0): Modeline "1280x960"x60.0  108.00  1280 1376 1488 1800  960 961 964 1000 +hsync +vsync (60.0 kHz e)
[   112.814] (II) vmware(0): Modeline "1360x768"x60.0   85.50  1360 1424 1536 1792  768 771 777 795 +hsync +vsync (47.7 kHz e)
[   112.814] (II) vmware(0): Modeline "1280x800"x59.8   83.50  1280 1352 1480 1680  800 803 809 831 +hsync -vsync (49.7 kHz e)
[   112.814] (II) vmware(0): Modeline "1152x864"x75.0  108.00  1152 1216 1344 1600  864 865 868 900 +hsync +vsync (67.5 kHz e)
[   112.814] (II) vmware(0): Modeline "1280x768"x59.9   79.50  1280 1344 1472 1664  768 771 778 798 -hsync +vsync (47.8 kHz e)
[   112.814] (II) vmware(0): Modeline "1024x768"x60.0   65.00  1024 1048 1184 1344  768 771 777 806 -hsync -vsync (48.4 kHz e)
[   112.814] (II) vmware(0): Modeline "800x600"x60.3   40.00  800 840 968 1056  600 601 605 628 +hsync +vsync (37.9 kHz e)
[   112.814] (II) vmware(0): Modeline "640x480"x59.9   25.18  640 656 752 800  480 489 492 525 -hsync -vsync (31.5 kHz e)
[   112.814] (II) vmware(0): EDID for output Virtual2
[   112.814] (II) vmware(0): EDID for output Virtual3
[   112.814] (II) vmware(0): EDID for output Virtual4
[   112.814] (II) vmware(0): EDID for output Virtual5
[   112.814] (II) vmware(0): EDID for output Virtual6
[   112.815] (II) vmware(0): EDID for output Virtual7
[   112.815] (II) vmware(0): EDID for output Virtual8
[   112.815] (II) vmware(0): Output Virtual1 connected
[   112.815] (II) vmware(0): Output Virtual2 disconnected
[   112.815] (II) vmware(0): Output Virtual3 disconnected
[   112.815] (II) vmware(0): Output Virtual4 disconnected
[   112.815] (II) vmware(0): Output Virtual5 disconnected
[   112.815] (II) vmware(0): Output Virtual6 disconnected
[   112.815] (II) vmware(0): Output Virtual7 disconnected
[   112.815] (II) vmware(0): Output Virtual8 disconnected
[   112.815] (II) vmware(0): Using exact sizes for initial modes
[   112.815] (II) vmware(0): Output Virtual1 using initial mode 1600x900 +0+0
[   112.815] (==) vmware(0): DPI set to (96, 96)
[   112.815] (==) vmware(0): Using gamma correction (1.0, 1.0, 1.0)
[   112.815] (II) Loading sub module "fb"
[   112.815] (II) LoadModule: "fb"
[   112.815] (II) Loading /usr/lib/xorg/modules/libfb.so
[   112.815] (II) Module fb: vendor="X.Org Foundation"
[   112.815] 	compiled for 1.20.10, module version = 1.0.0
[   112.815] 	ABI class: X.Org ANSI C Emulation, version 0.4
[   112.815] (II) Loading sub module "dri2"
[   112.815] (II) LoadModule: "dri2"
[   112.815] (II) Module "dri2" already built-in
[   112.815] (II) Loading sub module "dri3"
[   112.815] (II) LoadModule: "dri3"
[   112.816] (II) Module "dri3" already built-in
[   112.816] (II) UnloadModule: "modesetting"
[   112.816] (II) Unloading modesetting
[   112.816] (II) UnloadModule: "fbdev"
[   112.816] (II) Unloading fbdev
[   112.816] (II) UnloadSubModule: "fbdevhw"
[   112.816] (II) Unloading fbdevhw
[   112.816] (II) UnloadModule: "vesa"
[   112.816] (II) Unloading vesa
[   112.816] (II) vmware(0): Initialized VMWARE_CTRL extension version 0.2
[   112.839] (WW) vmware(0): Failed to initialize Gallium3D Xa. No render acceleration available.
[   112.839] (WW) vmware(0): Skipped initialization of direct rendering due to lack of render acceleration.
[   112.839] (--) vmware(0): Render acceleration is disabled.
[   112.839] (==) vmware(0): Rendercheck mode is disabled.
[   112.840] (--) vmware(0): Direct rendering (DRI2 3D) is disabled.
[   112.840] (--) vmware(0): Direct rendering (DRI3 3D) is disabled.
[   112.840] (==) vmware(0): Backing store enabled
[   112.840] (==) vmware(0): Silken mouse enabled
[   112.841] (==) vmware(0): DPMS enabled
[   112.841] (II) vmware(0): No 3D acceleration. Not setting up textured video.
[   112.841] (II) Initializing extension Generic Event Extension
[   112.841] (II) Initializing extension SHAPE
[   112.841] (II) Initializing extension MIT-SHM
[   112.841] (II) Initializing extension XInputExtension
[   112.842] (II) Initializing extension XTEST
[   112.842] (II) Initializing extension BIG-REQUESTS
[   112.842] (II) Initializing extension SYNC
[   112.842] (II) Initializing extension XKEYBOARD
[   112.850] (II) Initializing extension XC-MISC
[   112.850] (II) Initializing extension SECURITY
[   112.850] (II) Initializing extension XFIXES
[   112.851] (II) Initializing extension RENDER
[   112.851] (II) Initializing extension RANDR
[   112.852] (II) Initializing extension COMPOSITE
[   112.852] (II) Initializing extension DAMAGE
[   112.852] (II) Initializing extension MIT-SCREEN-SAVER
[   112.853] (II) Initializing extension DOUBLE-BUFFER
[   112.853] (II) Initializing extension RECORD
[   112.854] (II) Initializing extension DPMS
[   112.858] (II) Initializing extension Present
[   112.858] (II) Initializing extension DRI3
[   112.858] (II) Initializing extension X-Resource
[   112.859] (II) Initializing extension XVideo
[   112.859] (II) Initializing extension XVideo-MotionCompensation
[   112.859] (II) Initializing extension SELinux
[   112.859] (II) SELinux: Disabled on system
[   112.859] (II) Initializing extension GLX
[   112.860] (II) AIGLX: Screen 0 is not DRI2 capable
[   112.916] (II) IGLX: Loaded and initialized swrast
[   112.917] (II) GLX: Initialized DRISWRAST GL provider for screen 0
[   112.917] (II) Initializing extension XFree86-VidModeExtension
[   112.917] (II) Initializing extension XFree86-DGA
[   112.918] (II) Initializing extension XFree86-DRI
[   112.918] (II) Initializing extension DRI2
[   113.031] (II) vmware(0): Setting screen physical size to 423 x 238
[   113.117] (II) config/udev: Adding input device Power Button (/dev/input/event1)
[   113.117] (**) Power Button: Applying InputClass "libinput keyboard catchall"
[   113.117] (II) LoadModule: "libinput"
[   113.117] (II) Loading /usr/lib/xorg/modules/input/libinput_drv.so
[   113.120] (II) Module libinput: vendor="X.Org Foundation"
[   113.120] 	compiled for 1.20.8, module version = 0.30.0
[   113.121] 	Module class: X.Org XInput Driver
[   113.121] 	ABI class: X.Org XInput driver, version 24.1
[   113.121] (II) Using input driver 'libinput' for 'Power Button'
[   113.144] (II) systemd-logind: got fd for /dev/input/event1 13:65 fd 21 paused 0
[   113.144] (**) Power Button: always reports core events
[   113.144] (**) Option "Device" "/dev/input/event1"
[   113.144] (**) Option "_source" "server/udev"
[   113.154] (II) event1  - Power Button: is tagged by udev as: Keyboard
[   113.155] (II) event1  - Power Button: device is a keyboard
[   113.155] (II) event1  - Power Button: device removed
[   113.156] (**) Option "config_info" "udev:/sys/devices/LNXSYSTM:00/LNXPWRBN:00/input/input2/event1"
[   113.157] (II) XINPUT: Adding extended input device "Power Button" (type: KEYBOARD, id 6)
[   113.157] (**) Option "xkb_model" "pc105"
[   113.158] (**) Option "xkb_layout" "us"
[   113.163] (II) event1  - Power Button: is tagged by udev as: Keyboard
[   113.164] (II) event1  - Power Button: device is a keyboard
[   113.170] (II) config/udev: Adding input device VMware VMware Virtual USB Mouse (/dev/input/event4)
[   113.170] (**) VMware VMware Virtual USB Mouse: Applying InputClass "libinput pointer catchall"
[   113.171] (II) Using input driver 'libinput' for 'VMware VMware Virtual USB Mouse'
[   113.174] (II) systemd-logind: got fd for /dev/input/event4 13:68 fd 24 paused 0
[   113.174] (**) VMware VMware Virtual USB Mouse: always reports core events
[   113.174] (**) Option "Device" "/dev/input/event4"
[   113.174] (**) Option "_source" "server/udev"
[   113.183] (II) event4  - VMware VMware Virtual USB Mouse: is tagged by udev as: Mouse
[   113.185] (II) event4  - VMware VMware Virtual USB Mouse: device is a pointer
[   113.185] (II) event4  - VMware VMware Virtual USB Mouse: device removed
[   113.185] (**) Option "config_info" "udev:/sys/devices/pci0000:00/0000:00:11.0/0000:02:00.0/usb1/1-1/1-1:1.0/0003:0E0F:0003.0001/input/input5/event4"
[   113.187] (II) XINPUT: Adding extended input device "VMware VMware Virtual USB Mouse" (type: MOUSE, id 7)
[   113.188] (**) Option "AccelerationScheme" "none"
[   113.189] (**) VMware VMware Virtual USB Mouse: (accel) selected scheme none/0
[   113.189] (**) VMware VMware Virtual USB Mouse: (accel) acceleration factor: 2.000
[   113.189] (**) VMware VMware Virtual USB Mouse: (accel) acceleration threshold: 4
[   113.198] (II) event4  - VMware VMware Virtual USB Mouse: is tagged by udev as: Mouse
[   113.199] (II) event4  - VMware VMware Virtual USB Mouse: device is a pointer
[   113.203] (II) config/udev: Adding input device VMware VMware Virtual USB Mouse (/dev/input/mouse2)
[   113.204] (II) No input driver specified, ignoring this device.
[   113.204] (II) This device may have been added with another device file.
[   113.206] (II) config/udev: Adding input device AT Translated Set 2 keyboard (/dev/input/event0)
[   113.206] (**) AT Translated Set 2 keyboard: Applying InputClass "libinput keyboard catchall"
[   113.206] (II) Using input driver 'libinput' for 'AT Translated Set 2 keyboard'
[   113.209] (II) systemd-logind: got fd for /dev/input/event0 13:64 fd 25 paused 0
[   113.209] (**) AT Translated Set 2 keyboard: always reports core events
[   113.209] (**) Option "Device" "/dev/input/event0"
[   113.210] (**) Option "_source" "server/udev"
[   113.321] (II) event0  - AT Translated Set 2 keyboard: is tagged by udev as: Keyboard
[   113.322] (II) event0  - AT Translated Set 2 keyboard: device is a keyboard
[   113.323] (II) event0  - AT Translated Set 2 keyboard: device removed
[   113.323] (**) Option "config_info" "udev:/sys/devices/platform/i8042/serio0/input/input0/event0"
[   113.323] (II) XINPUT: Adding extended input device "AT Translated Set 2 keyboard" (type: KEYBOARD, id 8)
[   113.323] (**) Option "xkb_model" "pc105"
[   113.324] (**) Option "xkb_layout" "us"
[   113.332] (II) event0  - AT Translated Set 2 keyboard: is tagged by udev as: Keyboard
[   113.332] (II) event0  - AT Translated Set 2 keyboard: device is a keyboard
[   113.335] (II) config/udev: Adding input device VirtualPS/2 VMware VMMouse (/dev/input/event3)
[   113.336] (**) VirtualPS/2 VMware VMMouse: Applying InputClass "libinput pointer catchall"
[   113.337] (II) Using input driver 'libinput' for 'VirtualPS/2 VMware VMMouse'
[   113.339] (II) systemd-logind: got fd for /dev/input/event3 13:67 fd 26 paused 0
[   113.339] (**) VirtualPS/2 VMware VMMouse: always reports core events
[   113.339] (**) Option "Device" "/dev/input/event3"
[   113.340] (**) Option "_source" "server/udev"
[   113.345] (II) event3  - VirtualPS/2 VMware VMMouse: is tagged by udev as: Mouse
[   113.346] (II) event3  - VirtualPS/2 VMware VMMouse: device is a pointer
[   113.347] (II) event3  - VirtualPS/2 VMware VMMouse: device removed
[   113.347] (**) Option "config_info" "udev:/sys/devices/platform/i8042/serio1/input/input3/event3"
[   113.348] (II) XINPUT: Adding extended input device "VirtualPS/2 VMware VMMouse" (type: MOUSE, id 9)
[   113.348] (**) Option "AccelerationScheme" "none"
[   113.348] (**) VirtualPS/2 VMware VMMouse: (accel) selected scheme none/0
[   113.349] (**) VirtualPS/2 VMware VMMouse: (accel) acceleration factor: 2.000
[   113.349] (**) VirtualPS/2 VMware VMMouse: (accel) acceleration threshold: 4
[   113.354] (II) event3  - VirtualPS/2 VMware VMMouse: is tagged by udev as: Mouse
[   113.355] (II) event3  - VirtualPS/2 VMware VMMouse: device is a pointer
[   113.359] (II) config/udev: Adding input device VirtualPS/2 VMware VMMouse (/dev/input/mouse1)
[   113.359] (II) No input driver specified, ignoring this device.
[   113.359] (II) This device may have been added with another device file.
[   113.361] (II) config/udev: Adding input device VirtualPS/2 VMware VMMouse (/dev/input/event2)
[   113.361] (**) VirtualPS/2 VMware VMMouse: Applying InputClass "libinput pointer catchall"
[   113.361] (II) Using input driver 'libinput' for 'VirtualPS/2 VMware VMMouse'
[   113.365] (II) systemd-logind: got fd for /dev/input/event2 13:66 fd 27 paused 0
[   113.365] (**) VirtualPS/2 VMware VMMouse: always reports core events
[   113.365] (**) Option "Device" "/dev/input/event2"
[   113.365] (**) Option "_source" "server/udev"
[   113.370] (II) event2  - VirtualPS/2 VMware VMMouse: is tagged by udev as: Mouse
[   113.372] (II) event2  - VirtualPS/2 VMware VMMouse: device is a pointer
[   113.373] (II) event2  - VirtualPS/2 VMware VMMouse: device removed
[   113.373] (**) Option "config_info" "udev:/sys/devices/platform/i8042/serio1/input/input4/event2"
[   113.373] (II) XINPUT: Adding extended input device "VirtualPS/2 VMware VMMouse" (type: MOUSE, id 10)
[   113.374] (**) Option "AccelerationScheme" "none"
[   113.374] (**) VirtualPS/2 VMware VMMouse: (accel) selected scheme none/0
[   113.375] (**) VirtualPS/2 VMware VMMouse: (accel) acceleration factor: 2.000
[   113.375] (**) VirtualPS/2 VMware VMMouse: (accel) acceleration threshold: 4
[   113.381] (II) event2  - VirtualPS/2 VMware VMMouse: is tagged by udev as: Mouse
[   113.382] (II) event2  - VirtualPS/2 VMware VMMouse: device is a pointer
[   113.386] (II) config/udev: Adding input device VirtualPS/2 VMware VMMouse (/dev/input/mouse0)
[   113.386] (II) No input driver specified, ignoring this device.
[   113.386] (II) This device may have been added with another device file.
[   113.388] (II) config/udev: Adding input device PC Speaker (/dev/input/event5)
[   113.389] (II) No input driver specified, ignoring this device.
[   113.389] (II) This device may have been added with another device file.
[   616.846] (EE) event2  - VirtualPS/2 VMware VMMouse: client bug: event processing lagging behind by 11ms, your system is too slow
[   661.663] (EE) event2  - VirtualPS/2 VMware VMMouse: client bug: event processing lagging behind by 40ms, your system is too slow
[   700.305] (EE) event2  - VirtualPS/2 VMware VMMouse: client bug: event processing lagging behind by 11ms, your system is too slow
[   966.504] (EE) event2  - VirtualPS/2 VMware VMMouse: client bug: event processing lagging behind by 11ms, your system is too slow
